[2018-05-21 18:56:57] production.DEBUG: exception 'Flarum\Core\Exception\PermissionDeniedException' in C:\xampp\htdocs\siic-2018\forum\vendor\flarum\core\src\Forum\Controller\AuthorizedWebAppController.php:25
Stack trace:
#0 C:\xampp\htdocs\siic-2018\forum\vendor\flarum\core\src\Http\Controller\AbstractHtmlController.php(25): Flarum\Forum\Controller\AuthorizedWebAppController->render(Object(Zend\Stratigility\Http\Request))
#1 C:\xampp\htdocs\siic-2018\forum\vendor\flarum\core\src\Http\Handler\ControllerRouteHandler.php(53): Flarum\Http\Controller\AbstractHtmlController->handle(Object(Zend\Stratigility\Http\Request))
#2 C:\xampp\htdocs\siic-2018\forum\vendor\flarum\core\src\Http\Middleware\DispatchRoute.php(69): Flarum\Http\Handler\ControllerRouteHandler->__invoke(Object(Zend\Stratigility\Http\Request), Array)
#3 C:\xampp\htdocs\siic-2018\forum\vendor\zendframework\zend-stratigility\src\Dispatch.php(212): Flarum\Http\Middleware\DispatchRoute->__invoke(Object(Zend\Stratigility\Http\Request), Object(Zend\Stratigility\Http\Response), Object(Zend\Stratigility\Next))
#4 C:\xampp\htdocs\siic-2018\forum\vendor\zendframework\zend-stratigility\src\Dispatch.php(88): Zend\Stratigility\Dispatch->dispatchCallableMiddleware(Object(Flarum\Http\Middleware\DispatchRoute), Object(Zend\Stratigility\Next), Object(Zend\Stratigility\Http\Request), Object(Zend\Stratigility\Http\Response), NULL)
#5 C:\xampp\htdocs\siic-2018\forum\vendor\zendframework\zend-stratigility\src\Next.php(160): Zend\Stratigility\Dispatch->__invoke(Object(Zend\Stratigility\Route), NULL, Object(Zend\Stratigility\Http\Request), Object(Zend\Stratigility\Http\Response), Object(Zend\Stratigility\Next))
#6 C:\xampp\htdocs\siic-2018\forum\vendor\flarum\core\src\Http\Middleware\SetLocale.php(51): Zend\Stratigility\Next->__invoke(Object(Zend\Stratigility\Http\Request), Object(Zend\Stratigility\Http\Response))
#7 C:\xampp\htdocs\siic-2018\forum\vendor\zendframework\zend-stratigility\src\Dispatch.php(212): Flarum\Http\Middleware\SetLocale->__invoke(Object(Zend\Stratigility\Http\Request), Object(Zend\Stratigility\Http\Response), Object(Zend\Stratigility\Next))
#8 C:\xampp\htdocs\siic-2018\forum\vendor\zendframework\zend-stratigility\src\Dispatch.php(88): Zend\Stratigility\Dispatch->dispatchCallableMiddleware(Object(Flarum\Http\Middleware\SetLocale), Object(Zend\Stratigility\Next), Object(Zend\Stratigility\Http\Request), Object(Zend\Stratigility\Http\Response), NULL)
#9 C:\xampp\htdocs\siic-2018\forum\vendor\zendframework\zend-stratigility\src\Next.php(160): Zend\Stratigility\Dispatch->__invoke(Object(Zend\Stratigility\Route), NULL, Object(Zend\Stratigility\Http\Request), Object(Zend\Stratigility\Http\Response), Object(Zend\Stratigility\Next))
#10 C:\xampp\htdocs\siic-2018\forum\vendor\flarum\core\src\Http\Middleware\AuthenticateWithSession.php(36): Zend\Stratigility\Next->__invoke(Object(Zend\Stratigility\Http\Request), Object(Zend\Stratigility\Http\Response))
#11 C:\xampp\htdocs\siic-2018\forum\vendor\zendframework\zend-stratigility\src\Dispatch.php(212): Flarum\Http\Middleware\AuthenticateWithSession->__invoke(Object(Zend\Stratigility\Http\Request), Object(Zend\Stratigility\Http\Response), Object(Zend\Stratigility\Next))
#12 C:\xampp\htdocs\siic-2018\forum\vendor\zendframework\zend-stratigility\src\Dispatch.php(88): Zend\Stratigility\Dispatch->dispatchCallableMiddleware(Object(Flarum\Http\Middleware\AuthenticateWithSession), Object(Zend\Stratigility\Next), Object(Zend\Stratigility\Http\Request), Object(Zend\Stratigility\Http\Response), NULL)
#13 C:\xampp\htdocs\siic-2018\forum\vendor\zendframework\zend-stratigility\src\Next.php(160): Zend\Stratigility\Dispatch->__invoke(Object(Zend\Stratigility\Route), NULL, Object(Zend\Stratigility\Http\Request), Object(Zend\Stratigility\Http\Response), Object(Zend\Stratigility\Next))
#14 C:\xampp\htdocs\siic-2018\forum\vendor\flarum\core\src\Http\Middleware\RememberFromCookie.php(39): Zend\Stratigility\Next->__invoke(Object(Zend\Stratigility\Http\Request), Object(Zend\Stratigility\Http\Response))
#15 C:\xampp\htdocs\siic-2018\forum\vendor\zendframework\zend-stratigility\src\Dispatch.php(212): Flarum\Http\Middleware\RememberFromCookie->__invoke(Object(Zend\Stratigility\Http\Request), Object(Zend\Stratigility\Http\Response), Object(Zend\Stratigility\Next))
#16 C:\xampp\htdocs\siic-2018\forum\vendor\zendframework\zend-stratigility\src\Dispatch.php(88): Zend\Stratigility\Dispatch->dispatchCallableMiddleware(Object(Flarum\Http\Middleware\RememberFromCookie), Object(Zend\Stratigility\Next), Object(Zend\Stratigility\Http\Request), Object(Zend\Stratigility\Http\Response), NULL)
#17 C:\xampp\htdocs\siic-2018\forum\vendor\zendframework\zend-stratigility\src\Next.php(160): Zend\Stratigility\Dispatch->__invoke(Object(Zend\Stratigility\Route), NULL, Object(Zend\Stratigility\Http\Request), Object(Zend\Stratigility\Http\Response), Object(Zend\Stratigility\Next))
#18 C:\xampp\htdocs\siic-2018\forum\vendor\flarum\core\src\Http\Middleware\StartSession.php(48): Zend\Stratigility\Next->__invoke(Object(Zend\Stratigility\Http\Request), Object(Zend\Stratigility\Http\Response))
#19 C:\xampp\htdocs\siic-2018\forum\vendor\zendframework\zend-stratigility\src\Dispatch.php(212): Flarum\Http\Middleware\StartSession->__invoke(Object(Zend\Stratigility\Http\Request), Object(Zend\Stratigility\Http\Response), Object(Zend\Stratigility\Next))
#20 C:\xampp\htdocs\siic-2018\forum\vendor\zendframework\zend-stratigility\src\Dispatch.php(88): Zend\Stratigility\Dispatch->dispatchCallableMiddleware(Object(Flarum\Http\Middleware\StartSession), Object(Zend\Stratigility\Next), Object(Zend\Stratigility\Http\Request), Object(Zend\Stratigility\Http\Response), NULL)
#21 C:\xampp\htdocs\siic-2018\forum\vendor\zendframework\zend-stratigility\src\Next.php(160): Zend\Stratigility\Dispatch->__invoke(Object(Zend\Stratigility\Route), NULL, Object(Zend\Stratigility\Http\Request), Object(Zend\Stratigility\Http\Response), Object(Zend\Stratigility\Next))
#22 C:\xampp\htdocs\siic-2018\forum\vendor\flarum\core\src\Http\Middleware\ParseJsonBody.php(31): Zend\Stratigility\Next->__invoke(Object(Zend\Stratigility\Http\Request), Object(Zend\Stratigility\Http\Response))
#23 C:\xampp\htdocs\siic-2018\forum\vendor\zendframework\zend-stratigility\src\Dispatch.php(212): Flarum\Http\Middleware\ParseJsonBody->__invoke(Object(Zend\Stratigility\Http\Request), Object(Zend\Stratigility\Http\Response), Object(Zend\Stratigility\Next))
#24 C:\xampp\htdocs\siic-2018\forum\vendor\zendframework\zend-stratigility\src\Dispatch.php(88): Zend\Stratigility\Dispatch->dispatchCallableMiddleware(Object(Flarum\Http\Middleware\ParseJsonBody), Object(Zend\Stratigility\Next), Object(Zend\Stratigility\Http\Request), Object(Zend\Stratigility\Http\Response), NULL)
#25 C:\xampp\htdocs\siic-2018\forum\vendor\zendframework\zend-stratigility\src\Next.php(160): Zend\Stratigility\Dispatch->__invoke(Object(Zend\Stratigility\Route), NULL, Object(Zend\Stratigility\Http\Request), Object(Zend\Stratigility\Http\Response), Object(Zend\Stratigility\Next))
#26 C:\xampp\htdocs\siic-2018\forum\vendor\flarum\core\src\Http\Middleware\HandleErrors.php(61): Zend\Stratigility\Next->__invoke(Object(Zend\Stratigility\Http\Request), Object(Zend\Stratigility\Http\Response))
#27 C:\xampp\htdocs\siic-2018\forum\vendor\zendframework\zend-stratigility\src\Dispatch.php(212): Flarum\Http\Middleware\HandleErrors->__invoke(Object(Zend\Stratigility\Http\Request), Object(Zend\Stratigility\Http\Response), Object(Zend\Stratigility\Next))
#28 C:\xampp\htdocs\siic-2018\forum\vendor\zendframework\zend-stratigility\src\Dispatch.php(88): Zend\Stratigility\Dispatch->dispatchCallableMiddleware(Object(Flarum\Http\Middleware\HandleErrors), Object(Zend\Stratigility\Next), Object(Zend\Stratigility\Http\Request), Object(Zend\Stratigility\Http\Response), NULL)
#29 C:\xampp\htdocs\siic-2018\forum\vendor\zendframework\zend-stratigility\src\Next.php(160): Zend\Stratigility\Dispatch->__invoke(Object(Zend\Stratigility\Route), NULL, Object(Zend\Stratigility\Http\Request), Object(Zend\Stratigility\Http\Response), Object(Zend\Stratigility\Next))
#30 C:\xampp\htdocs\siic-2018\forum\vendor\zendframework\zend-stratigility\src\MiddlewarePipe.php(111): Zend\Stratigility\Next->__invoke(Object(Zend\Stratigility\Http\Request), Object(Zend\Stratigility\Http\Response))
#31 C:\xampp\htdocs\siic-2018\forum\vendor\flarum\core\src\Http\AbstractServer.php(55): Zend\Stratigility\MiddlewarePipe->__invoke(Object(Zend\Diactoros\ServerRequest), Object(Zend\Diactoros\Response), Object(Zend\Stratigility\NoopFinalHandler))
#32 C:\xampp\htdocs\siic-2018\forum\vendor\zendframework\zend-diactoros\src\Server.php(157): Flarum\Http\AbstractServer->__invoke(Object(Zend\Diactoros\ServerRequest), Object(Zend\Diactoros\Response), Object(Zend\Stratigility\NoopFinalHandler))
#33 C:\xampp\htdocs\siic-2018\forum\vendor\flarum\core\src\Http\AbstractServer.php(36): Zend\Diactoros\Server->listen(Object(Zend\Stratigility\NoopFinalHandler))
#34 C:\xampp\htdocs\siic-2018\forum\index.php(16): Flarum\Http\AbstractServer->listen()
#35 {main}  
[2018-05-21 18:57:00] production.DEBUG: exception 'Flarum\Core\Exception\PermissionDeniedException' in C:\xampp\htdocs\siic-2018\forum\vendor\flarum\core\src\Forum\Controller\AuthorizedWebAppController.php:25
Stack trace:
#0 C:\xampp\htdocs\siic-2018\forum\vendor\flarum\core\src\Http\Controller\AbstractHtmlController.php(25): Flarum\Forum\Controller\AuthorizedWebAppController->render(Object(Zend\Stratigility\Http\Request))
#1 C:\xampp\htdocs\siic-2018\forum\vendor\flarum\core\src\Http\Handler\ControllerRouteHandler.php(53): Flarum\Http\Controller\AbstractHtmlController->handle(Object(Zend\Stratigility\Http\Request))
#2 C:\xampp\htdocs\siic-2018\forum\vendor\flarum\core\src\Http\Middleware\DispatchRoute.php(69): Flarum\Http\Handler\ControllerRouteHandler->__invoke(Object(Zend\Stratigility\Http\Request), Array)
#3 C:\xampp\htdocs\siic-2018\forum\vendor\zendframework\zend-stratigility\src\Dispatch.php(212): Flarum\Http\Middleware\DispatchRoute->__invoke(Object(Zend\Stratigility\Http\Request), Object(Zend\Stratigility\Http\Response), Object(Zend\Stratigility\Next))
#4 C:\xampp\htdocs\siic-2018\forum\vendor\zendframework\zend-stratigility\src\Dispatch.php(88): Zend\Stratigility\Dispatch->dispatchCallableMiddleware(Object(Flarum\Http\Middleware\DispatchRoute), Object(Zend\Stratigility\Next), Object(Zend\Stratigility\Http\Request), Object(Zend\Stratigility\Http\Response), NULL)
#5 C:\xampp\htdocs\siic-2018\forum\vendor\zendframework\zend-stratigility\src\Next.php(160): Zend\Stratigility\Dispatch->__invoke(Object(Zend\Stratigility\Route), NULL, Object(Zend\Stratigility\Http\Request), Object(Zend\Stratigility\Http\Response), Object(Zend\Stratigility\Next))
#6 C:\xampp\htdocs\siic-2018\forum\vendor\flarum\core\src\Http\Middleware\SetLocale.php(51): Zend\Stratigility\Next->__invoke(Object(Zend\Stratigility\Http\Request), Object(Zend\Stratigility\Http\Response))
#7 C:\xampp\htdocs\siic-2018\forum\vendor\zendframework\zend-stratigility\src\Dispatch.php(212): Flarum\Http\Middleware\SetLocale->__invoke(Object(Zend\Stratigility\Http\Request), Object(Zend\Stratigility\Http\Response), Object(Zend\Stratigility\Next))
#8 C:\xampp\htdocs\siic-2018\forum\vendor\zendframework\zend-stratigility\src\Dispatch.php(88): Zend\Stratigility\Dispatch->dispatchCallableMiddleware(Object(Flarum\Http\Middleware\SetLocale), Object(Zend\Stratigility\Next), Object(Zend\Stratigility\Http\Request), Object(Zend\Stratigility\Http\Response), NULL)
#9 C:\xampp\htdocs\siic-2018\forum\vendor\zendframework\zend-stratigility\src\Next.php(160): Zend\Stratigility\Dispatch->__invoke(Object(Zend\Stratigility\Route), NULL, Object(Zend\Stratigility\Http\Request), Object(Zend\Stratigility\Http\Response), Object(Zend\Stratigility\Next))
#10 C:\xampp\htdocs\siic-2018\forum\vendor\flarum\core\src\Http\Middleware\AuthenticateWithSession.php(36): Zend\Stratigility\Next->__invoke(Object(Zend\Stratigility\Http\Request), Object(Zend\Stratigility\Http\Response))
#11 C:\xampp\htdocs\siic-2018\forum\vendor\zendframework\zend-stratigility\src\Dispatch.php(212): Flarum\Http\Middleware\AuthenticateWithSession->__invoke(Object(Zend\Stratigility\Http\Request), Object(Zend\Stratigility\Http\Response), Object(Zend\Stratigility\Next))
#12 C:\xampp\htdocs\siic-2018\forum\vendor\zendframework\zend-stratigility\src\Dispatch.php(88): Zend\Stratigility\Dispatch->dispatchCallableMiddleware(Object(Flarum\Http\Middleware\AuthenticateWithSession), Object(Zend\Stratigility\Next), Object(Zend\Stratigility\Http\Request), Object(Zend\Stratigility\Http\Response), NULL)
#13 C:\xampp\htdocs\siic-2018\forum\vendor\zendframework\zend-stratigility\src\Next.php(160): Zend\Stratigility\Dispatch->__invoke(Object(Zend\Stratigility\Route), NULL, Object(Zend\Stratigility\Http\Request), Object(Zend\Stratigility\Http\Response), Object(Zend\Stratigility\Next))
#14 C:\xampp\htdocs\siic-2018\forum\vendor\flarum\core\src\Http\Middleware\RememberFromCookie.php(39): Zend\Stratigility\Next->__invoke(Object(Zend\Stratigility\Http\Request), Object(Zend\Stratigility\Http\Response))
#15 C:\xampp\htdocs\siic-2018\forum\vendor\zendframework\zend-stratigility\src\Dispatch.php(212): Flarum\Http\Middleware\RememberFromCookie->__invoke(Object(Zend\Stratigility\Http\Request), Object(Zend\Stratigility\Http\Response), Object(Zend\Stratigility\Next))
#16 C:\xampp\htdocs\siic-2018\forum\vendor\zendframework\zend-stratigility\src\Dispatch.php(88): Zend\Stratigility\Dispatch->dispatchCallableMiddleware(Object(Flarum\Http\Middleware\RememberFromCookie), Object(Zend\Stratigility\Next), Object(Zend\Stratigility\Http\Request), Object(Zend\Stratigility\Http\Response), NULL)
#17 C:\xampp\htdocs\siic-2018\forum\vendor\zendframework\zend-stratigility\src\Next.php(160): Zend\Stratigility\Dispatch->__invoke(Object(Zend\Stratigility\Route), NULL, Object(Zend\Stratigility\Http\Request), Object(Zend\Stratigility\Http\Response), Object(Zend\Stratigility\Next))
#18 C:\xampp\htdocs\siic-2018\forum\vendor\flarum\core\src\Http\Middleware\StartSession.php(48): Zend\Stratigility\Next->__invoke(Object(Zend\Stratigility\Http\Request), Object(Zend\Stratigility\Http\Response))
#19 C:\xampp\htdocs\siic-2018\forum\vendor\zendframework\zend-stratigility\src\Dispatch.php(212): Flarum\Http\Middleware\StartSession->__invoke(Object(Zend\Stratigility\Http\Request), Object(Zend\Stratigility\Http\Response), Object(Zend\Stratigility\Next))
#20 C:\xampp\htdocs\siic-2018\forum\vendor\zendframework\zend-stratigility\src\Dispatch.php(88): Zend\Stratigility\Dispatch->dispatchCallableMiddleware(Object(Flarum\Http\Middleware\StartSession), Object(Zend\Stratigility\Next), Object(Zend\Stratigility\Http\Request), Object(Zend\Stratigility\Http\Response), NULL)
#21 C:\xampp\htdocs\siic-2018\forum\vendor\zendframework\zend-stratigility\src\Next.php(160): Zend\Stratigility\Dispatch->__invoke(Object(Zend\Stratigility\Route), NULL, Object(Zend\Stratigility\Http\Request), Object(Zend\Stratigility\Http\Response), Object(Zend\Stratigility\Next))
#22 C:\xampp\htdocs\siic-2018\forum\vendor\flarum\core\src\Http\Middleware\ParseJsonBody.php(31): Zend\Stratigility\Next->__invoke(Object(Zend\Stratigility\Http\Request), Object(Zend\Stratigility\Http\Response))
#23 C:\xampp\htdocs\siic-2018\forum\vendor\zendframework\zend-stratigility\src\Dispatch.php(212): Flarum\Http\Middleware\ParseJsonBody->__invoke(Object(Zend\Stratigility\Http\Request), Object(Zend\Stratigility\Http\Response), Object(Zend\Stratigility\Next))
#24 C:\xampp\htdocs\siic-2018\forum\vendor\zendframework\zend-stratigility\src\Dispatch.php(88): Zend\Stratigility\Dispatch->dispatchCallableMiddleware(Object(Flarum\Http\Middleware\ParseJsonBody), Object(Zend\Stratigility\Next), Object(Zend\Stratigility\Http\Request), Object(Zend\Stratigility\Http\Response), NULL)
#25 C:\xampp\htdocs\siic-2018\forum\vendor\zendframework\zend-stratigility\src\Next.php(160): Zend\Stratigility\Dispatch->__invoke(Object(Zend\Stratigility\Route), NULL, Object(Zend\Stratigility\Http\Request), Object(Zend\Stratigility\Http\Response), Object(Zend\Stratigility\Next))
#26 C:\xampp\htdocs\siic-2018\forum\vendor\flarum\core\src\Http\Middleware\HandleErrors.php(61): Zend\Stratigility\Next->__invoke(Object(Zend\Stratigility\Http\Request), Object(Zend\Stratigility\Http\Response))
#27 C:\xampp\htdocs\siic-2018\forum\vendor\zendframework\zend-stratigility\src\Dispatch.php(212): Flarum\Http\Middleware\HandleErrors->__invoke(Object(Zend\Stratigility\Http\Request), Object(Zend\Stratigility\Http\Response), Object(Zend\Stratigility\Next))
#28 C:\xampp\htdocs\siic-2018\forum\vendor\zendframework\zend-stratigility\src\Dispatch.php(88): Zend\Stratigility\Dispatch->dispatchCallableMiddleware(Object(Flarum\Http\Middleware\HandleErrors), Object(Zend\Stratigility\Next), Object(Zend\Stratigility\Http\Request), Object(Zend\Stratigility\Http\Response), NULL)
#29 C:\xampp\htdocs\siic-2018\forum\vendor\zendframework\zend-stratigility\src\Next.php(160): Zend\Stratigility\Dispatch->__invoke(Object(Zend\Stratigility\Route), NULL, Object(Zend\Stratigility\Http\Request), Object(Zend\Stratigility\Http\Response), Object(Zend\Stratigility\Next))
#30 C:\xampp\htdocs\siic-2018\forum\vendor\zendframework\zend-stratigility\src\MiddlewarePipe.php(111): Zend\Stratigility\Next->__invoke(Object(Zend\Stratigility\Http\Request), Object(Zend\Stratigility\Http\Response))
#31 C:\xampp\htdocs\siic-2018\forum\vendor\flarum\core\src\Http\AbstractServer.php(55): Zend\Stratigility\MiddlewarePipe->__invoke(Object(Zend\Diactoros\ServerRequest), Object(Zend\Diactoros\Response), Object(Zend\Stratigility\NoopFinalHandler))
#32 C:\xampp\htdocs\siic-2018\forum\vendor\zendframework\zend-diactoros\src\Server.php(157): Flarum\Http\AbstractServer->__invoke(Object(Zend\Diactoros\ServerRequest), Object(Zend\Diactoros\Response), Object(Zend\Stratigility\NoopFinalHandler))
#33 C:\xampp\htdocs\siic-2018\forum\vendor\flarum\core\src\Http\AbstractServer.php(36): Zend\Diactoros\Server->listen(Object(Zend\Stratigility\NoopFinalHandler))
#34 C:\xampp\htdocs\siic-2018\forum\index.php(16): Flarum\Http\AbstractServer->listen()
#35 {main}  
[2018-05-21 18:57:38] production.DEBUG: exception 'Flarum\Core\Exception\PermissionDeniedException' in C:\xampp\htdocs\siic-2018\forum\vendor\flarum\core\src\Forum\Controller\AuthorizedWebAppController.php:25
Stack trace:
#0 C:\xampp\htdocs\siic-2018\forum\vendor\flarum\core\src\Http\Controller\AbstractHtmlController.php(25): Flarum\Forum\Controller\AuthorizedWebAppController->render(Object(Zend\Stratigility\Http\Request))
#1 C:\xampp\htdocs\siic-2018\forum\vendor\flarum\core\src\Http\Handler\ControllerRouteHandler.php(53): Flarum\Http\Controller\AbstractHtmlController->handle(Object(Zend\Stratigility\Http\Request))
#2 C:\xampp\htdocs\siic-2018\forum\vendor\flarum\core\src\Http\Middleware\DispatchRoute.php(69): Flarum\Http\Handler\ControllerRouteHandler->__invoke(Object(Zend\Stratigility\Http\Request), Array)
#3 C:\xampp\htdocs\siic-2018\forum\vendor\zendframework\zend-stratigility\src\Dispatch.php(212): Flarum\Http\Middleware\DispatchRoute->__invoke(Object(Zend\Stratigility\Http\Request), Object(Zend\Stratigility\Http\Response), Object(Zend\Stratigility\Next))
#4 C:\xampp\htdocs\siic-2018\forum\vendor\zendframework\zend-stratigility\src\Dispatch.php(88): Zend\Stratigility\Dispatch->dispatchCallableMiddleware(Object(Flarum\Http\Middleware\DispatchRoute), Object(Zend\Stratigility\Next), Object(Zend\Stratigility\Http\Request), Object(Zend\Stratigility\Http\Response), NULL)
#5 C:\xampp\htdocs\siic-2018\forum\vendor\zendframework\zend-stratigility\src\Next.php(160): Zend\Stratigility\Dispatch->__invoke(Object(Zend\Stratigility\Route), NULL, Object(Zend\Stratigility\Http\Request), Object(Zend\Stratigility\Http\Response), Object(Zend\Stratigility\Next))
#6 C:\xampp\htdocs\siic-2018\forum\vendor\flarum\core\src\Http\Middleware\SetLocale.php(51): Zend\Stratigility\Next->__invoke(Object(Zend\Stratigility\Http\Request), Object(Zend\Stratigility\Http\Response))
#7 C:\xampp\htdocs\siic-2018\forum\vendor\zendframework\zend-stratigility\src\Dispatch.php(212): Flarum\Http\Middleware\SetLocale->__invoke(Object(Zend\Stratigility\Http\Request), Object(Zend\Stratigility\Http\Response), Object(Zend\Stratigility\Next))
#8 C:\xampp\htdocs\siic-2018\forum\vendor\zendframework\zend-stratigility\src\Dispatch.php(88): Zend\Stratigility\Dispatch->dispatchCallableMiddleware(Object(Flarum\Http\Middleware\SetLocale), Object(Zend\Stratigility\Next), Object(Zend\Stratigility\Http\Request), Object(Zend\Stratigility\Http\Response), NULL)
#9 C:\xampp\htdocs\siic-2018\forum\vendor\zendframework\zend-stratigility\src\Next.php(160): Zend\Stratigility\Dispatch->__invoke(Object(Zend\Stratigility\Route), NULL, Object(Zend\Stratigility\Http\Request), Object(Zend\Stratigility\Http\Response), Object(Zend\Stratigility\Next))
#10 C:\xampp\htdocs\siic-2018\forum\vendor\flarum\core\src\Http\Middleware\AuthenticateWithSession.php(36): Zend\Stratigility\Next->__invoke(Object(Zend\Stratigility\Http\Request), Object(Zend\Stratigility\Http\Response))
#11 C:\xampp\htdocs\siic-2018\forum\vendor\zendframework\zend-stratigility\src\Dispatch.php(212): Flarum\Http\Middleware\AuthenticateWithSession->__invoke(Object(Zend\Stratigility\Http\Request), Object(Zend\Stratigility\Http\Response), Object(Zend\Stratigility\Next))
#12 C:\xampp\htdocs\siic-2018\forum\vendor\zendframework\zend-stratigility\src\Dispatch.php(88): Zend\Stratigility\Dispatch->dispatchCallableMiddleware(Object(Flarum\Http\Middleware\AuthenticateWithSession), Object(Zend\Stratigility\Next), Object(Zend\Stratigility\Http\Request), Object(Zend\Stratigility\Http\Response), NULL)
#13 C:\xampp\htdocs\siic-2018\forum\vendor\zendframework\zend-stratigility\src\Next.php(160): Zend\Stratigility\Dispatch->__invoke(Object(Zend\Stratigility\Route), NULL, Object(Zend\Stratigility\Http\Request), Object(Zend\Stratigility\Http\Response), Object(Zend\Stratigility\Next))
#14 C:\xampp\htdocs\siic-2018\forum\vendor\flarum\core\src\Http\Middleware\RememberFromCookie.php(39): Zend\Stratigility\Next->__invoke(Object(Zend\Stratigility\Http\Request), Object(Zend\Stratigility\Http\Response))
#15 C:\xampp\htdocs\siic-2018\forum\vendor\zendframework\zend-stratigility\src\Dispatch.php(212): Flarum\Http\Middleware\RememberFromCookie->__invoke(Object(Zend\Stratigility\Http\Request), Object(Zend\Stratigility\Http\Response), Object(Zend\Stratigility\Next))
#16 C:\xampp\htdocs\siic-2018\forum\vendor\zendframework\zend-stratigility\src\Dispatch.php(88): Zend\Stratigility\Dispatch->dispatchCallableMiddleware(Object(Flarum\Http\Middleware\RememberFromCookie), Object(Zend\Stratigility\Next), Object(Zend\Stratigility\Http\Request), Object(Zend\Stratigility\Http\Response), NULL)
#17 C:\xampp\htdocs\siic-2018\forum\vendor\zendframework\zend-stratigility\src\Next.php(160): Zend\Stratigility\Dispatch->__invoke(Object(Zend\Stratigility\Route), NULL, Object(Zend\Stratigility\Http\Request), Object(Zend\Stratigility\Http\Response), Object(Zend\Stratigility\Next))
#18 C:\xampp\htdocs\siic-2018\forum\vendor\flarum\core\src\Http\Middleware\StartSession.php(48): Zend\Stratigility\Next->__invoke(Object(Zend\Stratigility\Http\Request), Object(Zend\Stratigility\Http\Response))
#19 C:\xampp\htdocs\siic-2018\forum\vendor\zendframework\zend-stratigility\src\Dispatch.php(212): Flarum\Http\Middleware\StartSession->__invoke(Object(Zend\Stratigility\Http\Request), Object(Zend\Stratigility\Http\Response), Object(Zend\Stratigility\Next))
#20 C:\xampp\htdocs\siic-2018\forum\vendor\zendframework\zend-stratigility\src\Dispatch.php(88): Zend\Stratigility\Dispatch->dispatchCallableMiddleware(Object(Flarum\Http\Middleware\StartSession), Object(Zend\Stratigility\Next), Object(Zend\Stratigility\Http\Request), Object(Zend\Stratigility\Http\Response), NULL)
#21 C:\xampp\htdocs\siic-2018\forum\vendor\zendframework\zend-stratigility\src\Next.php(160): Zend\Stratigility\Dispatch->__invoke(Object(Zend\Stratigility\Route), NULL, Object(Zend\Stratigility\Http\Request), Object(Zend\Stratigility\Http\Response), Object(Zend\Stratigility\Next))
#22 C:\xampp\htdocs\siic-2018\forum\vendor\flarum\core\src\Http\Middleware\ParseJsonBody.php(31): Zend\Stratigility\Next->__invoke(Object(Zend\Stratigility\Http\Request), Object(Zend\Stratigility\Http\Response))
#23 C:\xampp\htdocs\siic-2018\forum\vendor\zendframework\zend-stratigility\src\Dispatch.php(212): Flarum\Http\Middleware\ParseJsonBody->__invoke(Object(Zend\Stratigility\Http\Request), Object(Zend\Stratigility\Http\Response), Object(Zend\Stratigility\Next))
#24 C:\xampp\htdocs\siic-2018\forum\vendor\zendframework\zend-stratigility\src\Dispatch.php(88): Zend\Stratigility\Dispatch->dispatchCallableMiddleware(Object(Flarum\Http\Middleware\ParseJsonBody), Object(Zend\Stratigility\Next), Object(Zend\Stratigility\Http\Request), Object(Zend\Stratigility\Http\Response), NULL)
#25 C:\xampp\htdocs\siic-2018\forum\vendor\zendframework\zend-stratigility\src\Next.php(160): Zend\Stratigility\Dispatch->__invoke(Object(Zend\Stratigility\Route), NULL, Object(Zend\Stratigility\Http\Request), Object(Zend\Stratigility\Http\Response), Object(Zend\Stratigility\Next))
#26 C:\xampp\htdocs\siic-2018\forum\vendor\flarum\core\src\Http\Middleware\HandleErrors.php(61): Zend\Stratigility\Next->__invoke(Object(Zend\Stratigility\Http\Request), Object(Zend\Stratigility\Http\Response))
#27 C:\xampp\htdocs\siic-2018\forum\vendor\zendframework\zend-stratigility\src\Dispatch.php(212): Flarum\Http\Middleware\HandleErrors->__invoke(Object(Zend\Stratigility\Http\Request), Object(Zend\Stratigility\Http\Response), Object(Zend\Stratigility\Next))
#28 C:\xampp\htdocs\siic-2018\forum\vendor\zendframework\zend-stratigility\src\Dispatch.php(88): Zend\Stratigility\Dispatch->dispatchCallableMiddleware(Object(Flarum\Http\Middleware\HandleErrors), Object(Zend\Stratigility\Next), Object(Zend\Stratigility\Http\Request), Object(Zend\Stratigility\Http\Response), NULL)
#29 C:\xampp\htdocs\siic-2018\forum\vendor\zendframework\zend-stratigility\src\Next.php(160): Zend\Stratigility\Dispatch->__invoke(Object(Zend\Stratigility\Route), NULL, Object(Zend\Stratigility\Http\Request), Object(Zend\Stratigility\Http\Response), Object(Zend\Stratigility\Next))
#30 C:\xampp\htdocs\siic-2018\forum\vendor\zendframework\zend-stratigility\src\MiddlewarePipe.php(111): Zend\Stratigility\Next->__invoke(Object(Zend\Stratigility\Http\Request), Object(Zend\Stratigility\Http\Response))
#31 C:\xampp\htdocs\siic-2018\forum\vendor\flarum\core\src\Http\AbstractServer.php(55): Zend\Stratigility\MiddlewarePipe->__invoke(Object(Zend\Diactoros\ServerRequest), Object(Zend\Diactoros\Response), Object(Zend\Stratigility\NoopFinalHandler))
#32 C:\xampp\htdocs\siic-2018\forum\vendor\zendframework\zend-diactoros\src\Server.php(157): Flarum\Http\AbstractServer->__invoke(Object(Zend\Diactoros\ServerRequest), Object(Zend\Diactoros\Response), Object(Zend\Stratigility\NoopFinalHandler))
#33 C:\xampp\htdocs\siic-2018\forum\vendor\flarum\core\src\Http\AbstractServer.php(36): Zend\Diactoros\Server->listen(Object(Zend\Stratigility\NoopFinalHandler))
#34 C:\xampp\htdocs\siic-2018\forum\index.php(16): Flarum\Http\AbstractServer->listen()
#35 {main}  
[2018-05-21 19:03:36] production.DEBUG: exception 'Flarum\Core\Exception\PermissionDeniedException' in C:\xampp\htdocs\siic-2018\forum\vendor\flarum\core\src\Forum\Controller\AuthorizedWebAppController.php:25
Stack trace:
#0 C:\xampp\htdocs\siic-2018\forum\vendor\flarum\core\src\Http\Controller\AbstractHtmlController.php(25): Flarum\Forum\Controller\AuthorizedWebAppController->render(Object(Zend\Stratigility\Http\Request))
#1 C:\xampp\htdocs\siic-2018\forum\vendor\flarum\core\src\Http\Handler\ControllerRouteHandler.php(53): Flarum\Http\Controller\AbstractHtmlController->handle(Object(Zend\Stratigility\Http\Request))
#2 C:\xampp\htdocs\siic-2018\forum\vendor\flarum\core\src\Http\Middleware\DispatchRoute.php(69): Flarum\Http\Handler\ControllerRouteHandler->__invoke(Object(Zend\Stratigility\Http\Request), Array)
#3 C:\xampp\htdocs\siic-2018\forum\vendor\zendframework\zend-stratigility\src\Dispatch.php(212): Flarum\Http\Middleware\DispatchRoute->__invoke(Object(Zend\Stratigility\Http\Request), Object(Zend\Stratigility\Http\Response), Object(Zend\Stratigility\Next))
#4 C:\xampp\htdocs\siic-2018\forum\vendor\zendframework\zend-stratigility\src\Dispatch.php(88): Zend\Stratigility\Dispatch->dispatchCallableMiddleware(Object(Flarum\Http\Middleware\DispatchRoute), Object(Zend\Stratigility\Next), Object(Zend\Stratigility\Http\Request), Object(Zend\Stratigility\Http\Response), NULL)
#5 C:\xampp\htdocs\siic-2018\forum\vendor\zendframework\zend-stratigility\src\Next.php(160): Zend\Stratigility\Dispatch->__invoke(Object(Zend\Stratigility\Route), NULL, Object(Zend\Stratigility\Http\Request), Object(Zend\Stratigility\Http\Response), Object(Zend\Stratigility\Next))
#6 C:\xampp\htdocs\siic-2018\forum\vendor\flarum\core\src\Http\Middleware\SetLocale.php(51): Zend\Stratigility\Next->__invoke(Object(Zend\Stratigility\Http\Request), Object(Zend\Stratigility\Http\Response))
#7 C:\xampp\htdocs\siic-2018\forum\vendor\zendframework\zend-stratigility\src\Dispatch.php(212): Flarum\Http\Middleware\SetLocale->__invoke(Object(Zend\Stratigility\Http\Request), Object(Zend\Stratigility\Http\Response), Object(Zend\Stratigility\Next))
#8 C:\xampp\htdocs\siic-2018\forum\vendor\zendframework\zend-stratigility\src\Dispatch.php(88): Zend\Stratigility\Dispatch->dispatchCallableMiddleware(Object(Flarum\Http\Middleware\SetLocale), Object(Zend\Stratigility\Next), Object(Zend\Stratigility\Http\Request), Object(Zend\Stratigility\Http\Response), NULL)
#9 C:\xampp\htdocs\siic-2018\forum\vendor\zendframework\zend-stratigility\src\Next.php(160): Zend\Stratigility\Dispatch->__invoke(Object(Zend\Stratigility\Route), NULL, Object(Zend\Stratigility\Http\Request), Object(Zend\Stratigility\Http\Response), Object(Zend\Stratigility\Next))
#10 C:\xampp\htdocs\siic-2018\forum\vendor\flarum\core\src\Http\Middleware\AuthenticateWithSession.php(36): Zend\Stratigility\Next->__invoke(Object(Zend\Stratigility\Http\Request), Object(Zend\Stratigility\Http\Response))
#11 C:\xampp\htdocs\siic-2018\forum\vendor\zendframework\zend-stratigility\src\Dispatch.php(212): Flarum\Http\Middleware\AuthenticateWithSession->__invoke(Object(Zend\Stratigility\Http\Request), Object(Zend\Stratigility\Http\Response), Object(Zend\Stratigility\Next))
#12 C:\xampp\htdocs\siic-2018\forum\vendor\zendframework\zend-stratigility\src\Dispatch.php(88): Zend\Stratigility\Dispatch->dispatchCallableMiddleware(Object(Flarum\Http\Middleware\AuthenticateWithSession), Object(Zend\Stratigility\Next), Object(Zend\Stratigility\Http\Request), Object(Zend\Stratigility\Http\Response), NULL)
#13 C:\xampp\htdocs\siic-2018\forum\vendor\zendframework\zend-stratigility\src\Next.php(160): Zend\Stratigility\Dispatch->__invoke(Object(Zend\Stratigility\Route), NULL, Object(Zend\Stratigility\Http\Request), Object(Zend\Stratigility\Http\Response), Object(Zend\Stratigility\Next))
#14 C:\xampp\htdocs\siic-2018\forum\vendor\flarum\core\src\Http\Middleware\RememberFromCookie.php(39): Zend\Stratigility\Next->__invoke(Object(Zend\Stratigility\Http\Request), Object(Zend\Stratigility\Http\Response))
#15 C:\xampp\htdocs\siic-2018\forum\vendor\zendframework\zend-stratigility\src\Dispatch.php(212): Flarum\Http\Middleware\RememberFromCookie->__invoke(Object(Zend\Stratigility\Http\Request), Object(Zend\Stratigility\Http\Response), Object(Zend\Stratigility\Next))
#16 C:\xampp\htdocs\siic-2018\forum\vendor\zendframework\zend-stratigility\src\Dispatch.php(88): Zend\Stratigility\Dispatch->dispatchCallableMiddleware(Object(Flarum\Http\Middleware\RememberFromCookie), Object(Zend\Stratigility\Next), Object(Zend\Stratigility\Http\Request), Object(Zend\Stratigility\Http\Response), NULL)
#17 C:\xampp\htdocs\siic-2018\forum\vendor\zendframework\zend-stratigility\src\Next.php(160): Zend\Stratigility\Dispatch->__invoke(Object(Zend\Stratigility\Route), NULL, Object(Zend\Stratigility\Http\Request), Object(Zend\Stratigility\Http\Response), Object(Zend\Stratigility\Next))
#18 C:\xampp\htdocs\siic-2018\forum\vendor\flarum\core\src\Http\Middleware\StartSession.php(48): Zend\Stratigility\Next->__invoke(Object(Zend\Stratigility\Http\Request), Object(Zend\Stratigility\Http\Response))
#19 C:\xampp\htdocs\siic-2018\forum\vendor\zendframework\zend-stratigility\src\Dispatch.php(212): Flarum\Http\Middleware\StartSession->__invoke(Object(Zend\Stratigility\Http\Request), Object(Zend\Stratigility\Http\Response), Object(Zend\Stratigility\Next))
#20 C:\xampp\htdocs\siic-2018\forum\vendor\zendframework\zend-stratigility\src\Dispatch.php(88): Zend\Stratigility\Dispatch->dispatchCallableMiddleware(Object(Flarum\Http\Middleware\StartSession), Object(Zend\Stratigility\Next), Object(Zend\Stratigility\Http\Request), Object(Zend\Stratigility\Http\Response), NULL)
#21 C:\xampp\htdocs\siic-2018\forum\vendor\zendframework\zend-stratigility\src\Next.php(160): Zend\Stratigility\Dispatch->__invoke(Object(Zend\Stratigility\Route), NULL, Object(Zend\Stratigility\Http\Request), Object(Zend\Stratigility\Http\Response), Object(Zend\Stratigility\Next))
#22 C:\xampp\htdocs\siic-2018\forum\vendor\flarum\core\src\Http\Middleware\ParseJsonBody.php(31): Zend\Stratigility\Next->__invoke(Object(Zend\Stratigility\Http\Request), Object(Zend\Stratigility\Http\Response))
#23 C:\xampp\htdocs\siic-2018\forum\vendor\zendframework\zend-stratigility\src\Dispatch.php(212): Flarum\Http\Middleware\ParseJsonBody->__invoke(Object(Zend\Stratigility\Http\Request), Object(Zend\Stratigility\Http\Response), Object(Zend\Stratigility\Next))
#24 C:\xampp\htdocs\siic-2018\forum\vendor\zendframework\zend-stratigility\src\Dispatch.php(88): Zend\Stratigility\Dispatch->dispatchCallableMiddleware(Object(Flarum\Http\Middleware\ParseJsonBody), Object(Zend\Stratigility\Next), Object(Zend\Stratigility\Http\Request), Object(Zend\Stratigility\Http\Response), NULL)
#25 C:\xampp\htdocs\siic-2018\forum\vendor\zendframework\zend-stratigility\src\Next.php(160): Zend\Stratigility\Dispatch->__invoke(Object(Zend\Stratigility\Route), NULL, Object(Zend\Stratigility\Http\Request), Object(Zend\Stratigility\Http\Response), Object(Zend\Stratigility\Next))
#26 C:\xampp\htdocs\siic-2018\forum\vendor\flarum\core\src\Http\Middleware\HandleErrors.php(61): Zend\Stratigility\Next->__invoke(Object(Zend\Stratigility\Http\Request), Object(Zend\Stratigility\Http\Response))
#27 C:\xampp\htdocs\siic-2018\forum\vendor\zendframework\zend-stratigility\src\Dispatch.php(212): Flarum\Http\Middleware\HandleErrors->__invoke(Object(Zend\Stratigility\Http\Request), Object(Zend\Stratigility\Http\Response), Object(Zend\Stratigility\Next))
#28 C:\xampp\htdocs\siic-2018\forum\vendor\zendframework\zend-stratigility\src\Dispatch.php(88): Zend\Stratigility\Dispatch->dispatchCallableMiddleware(Object(Flarum\Http\Middleware\HandleErrors), Object(Zend\Stratigility\Next), Object(Zend\Stratigility\Http\Request), Object(Zend\Stratigility\Http\Response), NULL)
#29 C:\xampp\htdocs\siic-2018\forum\vendor\zendframework\zend-stratigility\src\Next.php(160): Zend\Stratigility\Dispatch->__invoke(Object(Zend\Stratigility\Route), NULL, Object(Zend\Stratigility\Http\Request), Object(Zend\Stratigility\Http\Response), Object(Zend\Stratigility\Next))
#30 C:\xampp\htdocs\siic-2018\forum\vendor\zendframework\zend-stratigility\src\MiddlewarePipe.php(111): Zend\Stratigility\Next->__invoke(Object(Zend\Stratigility\Http\Request), Object(Zend\Stratigility\Http\Response))
#31 C:\xampp\htdocs\siic-2018\forum\vendor\flarum\core\src\Http\AbstractServer.php(55): Zend\Stratigility\MiddlewarePipe->__invoke(Object(Zend\Diactoros\ServerRequest), Object(Zend\Diactoros\Response), Object(Zend\Stratigility\NoopFinalHandler))
#32 C:\xampp\htdocs\siic-2018\forum\vendor\zendframework\zend-diactoros\src\Server.php(157): Flarum\Http\AbstractServer->__invoke(Object(Zend\Diactoros\ServerRequest), Object(Zend\Diactoros\Response), Object(Zend\Stratigility\NoopFinalHandler))
#33 C:\xampp\htdocs\siic-2018\forum\vendor\flarum\core\src\Http\AbstractServer.php(36): Zend\Diactoros\Server->listen(Object(Zend\Stratigility\NoopFinalHandler))
#34 C:\xampp\htdocs\siic-2018\forum\index.php(16): Flarum\Http\AbstractServer->listen()
#35 {main}  
[2018-05-22 09:14:35] production.DEBUG: exception 'Flarum\Core\Exception\PermissionDeniedException' in C:\xampp\htdocs\siic-2018\forum\vendor\flarum\core\src\Core\Access\AssertPermissionTrait.php:26
Stack trace:
#0 C:\xampp\htdocs\siic-2018\forum\vendor\flarum\core\src\Core\Access\AssertPermissionTrait.php(56): Flarum\Forum\Controller\LogOutController->assertPermission(false)
#1 C:\xampp\htdocs\siic-2018\forum\vendor\flarum\core\src\Forum\Controller\LogOutController.php(78): Flarum\Forum\Controller\LogOutController->assertRegistered(Object(Flarum\Core\Guest))
#2 C:\xampp\htdocs\siic-2018\forum\vendor\flarum\core\src\Http\Handler\ControllerRouteHandler.php(53): Flarum\Forum\Controller\LogOutController->handle(Object(Zend\Stratigility\Http\Request))
#3 C:\xampp\htdocs\siic-2018\forum\vendor\flarum\core\src\Http\Middleware\DispatchRoute.php(69): Flarum\Http\Handler\ControllerRouteHandler->__invoke(Object(Zend\Stratigility\Http\Request), Array)
#4 C:\xampp\htdocs\siic-2018\forum\vendor\zendframework\zend-stratigility\src\Dispatch.php(212): Flarum\Http\Middleware\DispatchRoute->__invoke(Object(Zend\Stratigility\Http\Request), Object(Zend\Stratigility\Http\Response), Object(Zend\Stratigility\Next))
#5 C:\xampp\htdocs\siic-2018\forum\vendor\zendframework\zend-stratigility\src\Dispatch.php(88): Zend\Stratigility\Dispatch->dispatchCallableMiddleware(Object(Flarum\Http\Middleware\DispatchRoute), Object(Zend\Stratigility\Next), Object(Zend\Stratigility\Http\Request), Object(Zend\Stratigility\Http\Response), NULL)
#6 C:\xampp\htdocs\siic-2018\forum\vendor\zendframework\zend-stratigility\src\Next.php(160): Zend\Stratigility\Dispatch->__invoke(Object(Zend\Stratigility\Route), NULL, Object(Zend\Stratigility\Http\Request), Object(Zend\Stratigility\Http\Response), Object(Zend\Stratigility\Next))
#7 C:\xampp\htdocs\siic-2018\forum\vendor\flarum\core\src\Http\Middleware\SetLocale.php(51): Zend\Stratigility\Next->__invoke(Object(Zend\Stratigility\Http\Request), Object(Zend\Stratigility\Http\Response))
#8 C:\xampp\htdocs\siic-2018\forum\vendor\zendframework\zend-stratigility\src\Dispatch.php(212): Flarum\Http\Middleware\SetLocale->__invoke(Object(Zend\Stratigility\Http\Request), Object(Zend\Stratigility\Http\Response), Object(Zend\Stratigility\Next))
#9 C:\xampp\htdocs\siic-2018\forum\vendor\zendframework\zend-stratigility\src\Dispatch.php(88): Zend\Stratigility\Dispatch->dispatchCallableMiddleware(Object(Flarum\Http\Middleware\SetLocale), Object(Zend\Stratigility\Next), Object(Zend\Stratigility\Http\Request), Object(Zend\Stratigility\Http\Response), NULL)
#10 C:\xampp\htdocs\siic-2018\forum\vendor\zendframework\zend-stratigility\src\Next.php(160): Zend\Stratigility\Dispatch->__invoke(Object(Zend\Stratigility\Route), NULL, Object(Zend\Stratigility\Http\Request), Object(Zend\Stratigility\Http\Response), Object(Zend\Stratigility\Next))
#11 C:\xampp\htdocs\siic-2018\forum\vendor\flarum\core\src\Http\Middleware\AuthenticateWithSession.php(36): Zend\Stratigility\Next->__invoke(Object(Zend\Stratigility\Http\Request), Object(Zend\Stratigility\Http\Response))
#12 C:\xampp\htdocs\siic-2018\forum\vendor\zendframework\zend-stratigility\src\Dispatch.php(212): Flarum\Http\Middleware\AuthenticateWithSession->__invoke(Object(Zend\Stratigility\Http\Request), Object(Zend\Stratigility\Http\Response), Object(Zend\Stratigility\Next))
#13 C:\xampp\htdocs\siic-2018\forum\vendor\zendframework\zend-stratigility\src\Dispatch.php(88): Zend\Stratigility\Dispatch->dispatchCallableMiddleware(Object(Flarum\Http\Middleware\AuthenticateWithSession), Object(Zend\Stratigility\Next), Object(Zend\Stratigility\Http\Request), Object(Zend\Stratigility\Http\Response), NULL)
#14 C:\xampp\htdocs\siic-2018\forum\vendor\zendframework\zend-stratigility\src\Next.php(160): Zend\Stratigility\Dispatch->__invoke(Object(Zend\Stratigility\Route), NULL, Object(Zend\Stratigility\Http\Request), Object(Zend\Stratigility\Http\Response), Object(Zend\Stratigility\Next))
#15 C:\xampp\htdocs\siic-2018\forum\vendor\flarum\core\src\Http\Middleware\RememberFromCookie.php(39): Zend\Stratigility\Next->__invoke(Object(Zend\Stratigility\Http\Request), Object(Zend\Stratigility\Http\Response))
#16 C:\xampp\htdocs\siic-2018\forum\vendor\zendframework\zend-stratigility\src\Dispatch.php(212): Flarum\Http\Middleware\RememberFromCookie->__invoke(Object(Zend\Stratigility\Http\Request), Object(Zend\Stratigility\Http\Response), Object(Zend\Stratigility\Next))
#17 C:\xampp\htdocs\siic-2018\forum\vendor\zendframework\zend-stratigility\src\Dispatch.php(88): Zend\Stratigility\Dispatch->dispatchCallableMiddleware(Object(Flarum\Http\Middleware\RememberFromCookie), Object(Zend\Stratigility\Next), Object(Zend\Stratigility\Http\Request), Object(Zend\Stratigility\Http\Response), NULL)
#18 C:\xampp\htdocs\siic-2018\forum\vendor\zendframework\zend-stratigility\src\Next.php(160): Zend\Stratigility\Dispatch->__invoke(Object(Zend\Stratigility\Route), NULL, Object(Zend\Stratigility\Http\Request), Object(Zend\Stratigility\Http\Response), Object(Zend\Stratigility\Next))
#19 C:\xampp\htdocs\siic-2018\forum\vendor\flarum\core\src\Http\Middleware\StartSession.php(48): Zend\Stratigility\Next->__invoke(Object(Zend\Stratigility\Http\Request), Object(Zend\Stratigility\Http\Response))
#20 C:\xampp\htdocs\siic-2018\forum\vendor\zendframework\zend-stratigility\src\Dispatch.php(212): Flarum\Http\Middleware\StartSession->__invoke(Object(Zend\Stratigility\Http\Request), Object(Zend\Stratigility\Http\Response), Object(Zend\Stratigility\Next))
#21 C:\xampp\htdocs\siic-2018\forum\vendor\zendframework\zend-stratigility\src\Dispatch.php(88): Zend\Stratigility\Dispatch->dispatchCallableMiddleware(Object(Flarum\Http\Middleware\StartSession), Object(Zend\Stratigility\Next), Object(Zend\Stratigility\Http\Request), Object(Zend\Stratigility\Http\Response), NULL)
#22 C:\xampp\htdocs\siic-2018\forum\vendor\zendframework\zend-stratigility\src\Next.php(160): Zend\Stratigility\Dispatch->__invoke(Object(Zend\Stratigility\Route), NULL, Object(Zend\Stratigility\Http\Request), Object(Zend\Stratigility\Http\Response), Object(Zend\Stratigility\Next))
#23 C:\xampp\htdocs\siic-2018\forum\vendor\flarum\core\src\Http\Middleware\ParseJsonBody.php(31): Zend\Stratigility\Next->__invoke(Object(Zend\Stratigility\Http\Request), Object(Zend\Stratigility\Http\Response))
#24 C:\xampp\htdocs\siic-2018\forum\vendor\zendframework\zend-stratigility\src\Dispatch.php(212): Flarum\Http\Middleware\ParseJsonBody->__invoke(Object(Zend\Stratigility\Http\Request), Object(Zend\Stratigility\Http\Response), Object(Zend\Stratigility\Next))
#25 C:\xampp\htdocs\siic-2018\forum\vendor\zendframework\zend-stratigility\src\Dispatch.php(88): Zend\Stratigility\Dispatch->dispatchCallableMiddleware(Object(Flarum\Http\Middleware\ParseJsonBody), Object(Zend\Stratigility\Next), Object(Zend\Stratigility\Http\Request), Object(Zend\Stratigility\Http\Response), NULL)
#26 C:\xampp\htdocs\siic-2018\forum\vendor\zendframework\zend-stratigility\src\Next.php(160): Zend\Stratigility\Dispatch->__invoke(Object(Zend\Stratigility\Route), NULL, Object(Zend\Stratigility\Http\Request), Object(Zend\Stratigility\Http\Response), Object(Zend\Stratigility\Next))
#27 C:\xampp\htdocs\siic-2018\forum\vendor\flarum\core\src\Http\Middleware\HandleErrors.php(61): Zend\Stratigility\Next->__invoke(Object(Zend\Stratigility\Http\Request), Object(Zend\Stratigility\Http\Response))
#28 C:\xampp\htdocs\siic-2018\forum\vendor\zendframework\zend-stratigility\src\Dispatch.php(212): Flarum\Http\Middleware\HandleErrors->__invoke(Object(Zend\Stratigility\Http\Request), Object(Zend\Stratigility\Http\Response), Object(Zend\Stratigility\Next))
#29 C:\xampp\htdocs\siic-2018\forum\vendor\zendframework\zend-stratigility\src\Dispatch.php(88): Zend\Stratigility\Dispatch->dispatchCallableMiddleware(Object(Flarum\Http\Middleware\HandleErrors), Object(Zend\Stratigility\Next), Object(Zend\Stratigility\Http\Request), Object(Zend\Stratigility\Http\Response), NULL)
#30 C:\xampp\htdocs\siic-2018\forum\vendor\zendframework\zend-stratigility\src\Next.php(160): Zend\Stratigility\Dispatch->__invoke(Object(Zend\Stratigility\Route), NULL, Object(Zend\Stratigility\Http\Request), Object(Zend\Stratigility\Http\Response), Object(Zend\Stratigility\Next))
#31 C:\xampp\htdocs\siic-2018\forum\vendor\zendframework\zend-stratigility\src\MiddlewarePipe.php(111): Zend\Stratigility\Next->__invoke(Object(Zend\Stratigility\Http\Request), Object(Zend\Stratigility\Http\Response))
#32 C:\xampp\htdocs\siic-2018\forum\vendor\flarum\core\src\Http\AbstractServer.php(55): Zend\Stratigility\MiddlewarePipe->__invoke(Object(Zend\Diactoros\ServerRequest), Object(Zend\Diactoros\Response), Object(Zend\Stratigility\NoopFinalHandler))
#33 C:\xampp\htdocs\siic-2018\forum\vendor\zendframework\zend-diactoros\src\Server.php(157): Flarum\Http\AbstractServer->__invoke(Object(Zend\Diactoros\ServerRequest), Object(Zend\Diactoros\Response), Object(Zend\Stratigility\NoopFinalHandler))
#34 C:\xampp\htdocs\siic-2018\forum\vendor\flarum\core\src\Http\AbstractServer.php(36): Zend\Diactoros\Server->listen(Object(Zend\Stratigility\NoopFinalHandler))
#35 C:\xampp\htdocs\siic-2018\forum\index.php(16): Flarum\Http\AbstractServer->listen()
#36 {main}  
